[debug] [2020-06-26T12:50:55.716Z] ----------------------------------------------------------------------
[debug] [2020-06-26T12:50:55.720Z] Command:       C:\Program Files\nodejs\node.exe C:\Users\user\AppData\Local\Yarn\Data\global\node_modules\firebase-tools\lib\bin\firebase.js init firestore
[debug] [2020-06-26T12:50:55.721Z] CLI Version:   8.4.2
[debug] [2020-06-26T12:50:55.721Z] Platform:      win32
[debug] [2020-06-26T12:50:55.721Z] Node Version:  v12.18.0
[debug] [2020-06-26T12:50:55.722Z] Time:          Fri Jun 26 2020 18:50:55 GMT+0600 (Bangladesh Standard Time)
[debug] [2020-06-26T12:50:55.723Z] ----------------------------------------------------------------------
[debug] [2020-06-26T12:50:55.723Z] 
[debug] [2020-06-26T12:50:55.735Z] > command requires scopes: ["email","openid","https://www.googleapis.com/auth/cloudplatformprojects.readonly","https://www.googleapis.com/auth/firebase","https://www.googleapis.com/auth/cloud-platform"]
[debug] [2020-06-26T12:50:55.736Z] > authorizing via signed-in user
[info] 
     ######## #### ########  ######## ########     ###     ######  ########
     ##        ##  ##     ## ##       ##     ##  ##   ##  ##       ##
     ######    ##  ########  ######   ########  #########  ######  ######
     ##        ##  ##    ##  ##       ##     ## ##     ##       ## ##
     ##       #### ##     ## ######## ########  ##     ##  ######  ########

You're about to initialize a Firebase project in this directory:

  F:\react-project\react-firebase-slack

Before we get started, keep in mind:

  * You are initializing in an existing Firebase project directory

[info] 
=== Project Setup
[info] 
[info] First, let's associate this project directory with a Firebase project.
[info] You can create multiple project aliases by running firebase use --add, 
[info] but for now we'll just set up a default project.
[info] 
[info] i  .firebaserc already has a default project, using dev-chat-react. 
[debug] [2020-06-26T12:51:07.067Z] >>> HTTP REQUEST GET https://firebase.googleapis.com/v1beta1/projects/dev-chat-react  
 
[debug] [2020-06-26T12:51:07.557Z] <<< HTTP RESPONSE 200 {"content-type":"application/json; charset=UTF-8","vary":"X-Origin, Referer, Origin,Accept-Encoding","date":"Fri, 26 Jun 2020 12:51:07 GMT","server":"ESF","cache-control":"private","x-xss-protection":"0","x-frame-options":"SAMEORIGIN","x-content-type-options":"nosniff","alt-svc":"h3-27=\":443\"; ma=2592000,h3-25=\":443\"; ma=2592000,h3-T050=\":443\"; ma=2592000,h3-Q050=\":443\"; ma=2592000,h3-Q046=\":443\"; ma=2592000,h3-Q043=\":443\"; ma=2592000,quic=\":443\"; ma=2592000; v=\"46,43\"","accept-ranges":"none","transfer-encoding":"chunked"}
[info] 
=== Firestore Setup
[debug] [2020-06-26T12:51:07.561Z] >>> HTTP REQUEST GET https://serviceusage.googleapis.com/v1/projects/dev-chat-react/services/firestore.googleapis.com  
 
[debug] [2020-06-26T12:51:09.321Z] <<< HTTP RESPONSE 200 {"content-type":"application/json; charset=UTF-8","vary":"X-Origin, Referer, Origin,Accept-Encoding","date":"Fri, 26 Jun 2020 12:51:09 GMT","server":"ESF","cache-control":"private","x-xss-protection":"0","x-frame-options":"SAMEORIGIN","x-content-type-options":"nosniff","alt-svc":"h3-27=\":443\"; ma=2592000,h3-25=\":443\"; ma=2592000,h3-T050=\":443\"; ma=2592000,h3-Q050=\":443\"; ma=2592000,h3-Q046=\":443\"; ma=2592000,h3-Q043=\":443\"; ma=2592000,quic=\":443\"; ma=2592000; v=\"46,43\"","accept-ranges":"none","transfer-encoding":"chunked"}
[debug] [2020-06-26T12:51:09.323Z] >>> HTTP REQUEST GET https://appengine.googleapis.com/v1/apps/dev-chat-react  
 
[debug] [2020-06-26T12:51:10.306Z] <<< HTTP RESPONSE 200 {"content-type":"application/json; charset=UTF-8","vary":"X-Origin, Referer, Origin,Accept-Encoding","date":"Fri, 26 Jun 2020 12:51:10 GMT","server":"ESF","cache-control":"private","x-xss-protection":"0","x-frame-options":"SAMEORIGIN","x-content-type-options":"nosniff","alt-svc":"h3-27=\":443\"; ma=2592000,h3-25=\":443\"; ma=2592000,h3-T050=\":443\"; ma=2592000,h3-Q050=\":443\"; ma=2592000,h3-Q046=\":443\"; ma=2592000,h3-Q043=\":443\"; ma=2592000,quic=\":443\"; ma=2592000; v=\"46,43\"","accept-ranges":"none","transfer-encoding":"chunked"}
[debug] [2020-06-26T12:51:10.307Z] database_type: CLOUD_FIRESTORE
[debug] [2020-06-26T12:51:10.308Z] > command requires scopes: ["email","openid","https://www.googleapis.com/auth/cloudplatformprojects.readonly","https://www.googleapis.com/auth/firebase","https://www.googleapis.com/auth/cloud-platform"]
[debug] [2020-06-26T12:51:10.309Z] > authorizing via signed-in user
[debug] [2020-06-26T12:51:10.309Z] [iam] checking project dev-chat-react for permissions ["firebase.projects.get"]
[debug] [2020-06-26T12:51:10.310Z] >>> HTTP REQUEST POST https://cloudresourcemanager.googleapis.com/v1/projects/dev-chat-react:testIamPermissions  
 {"permissions":["firebase.projects.get"]}
[debug] [2020-06-26T12:51:11.777Z] <<< HTTP RESPONSE 200 {"content-type":"application/json; charset=UTF-8","vary":"X-Origin, Referer, Origin,Accept-Encoding","date":"Fri, 26 Jun 2020 12:51:11 GMT","server":"ESF","cache-control":"private","x-xss-protection":"0","x-frame-options":"SAMEORIGIN","x-content-type-options":"nosniff","server-timing":"gfet4t7; dur=1164","alt-svc":"h3-27=\":443\"; ma=2592000,h3-25=\":443\"; ma=2592000,h3-T050=\":443\"; ma=2592000,h3-Q050=\":443\"; ma=2592000,h3-Q046=\":443\"; ma=2592000,h3-Q043=\":443\"; ma=2592000,quic=\":443\"; ma=2592000; v=\"46,43\"","accept-ranges":"none","transfer-encoding":"chunked"}
[info] 
[info] Firestore Security Rules allow you to define how and when to allow
[info] requests. You can keep these rules in your project directory
[info] and publish them with firebase deploy.
[info] 
